a:\opengl\scratchgame\scratchgame\x64\debug\vc143.pdb
a:\opengl\scratchgame\scratchgame\x64\debug\vc143.idb
a:\opengl\scratchgame\scratchgame\x64\debug\vertexlayout.obj
a:\opengl\scratchgame\scratchgame\x64\debug\vertexbuffer.obj
a:\opengl\scratchgame\scratchgame\x64\debug\vertexarray.obj
a:\opengl\scratchgame\scratchgame\x64\debug\imgui_widgets.obj
a:\opengl\scratchgame\scratchgame\x64\debug\imgui_tables.obj
a:\opengl\scratchgame\scratchgame\x64\debug\imgui_impl_opengl3.obj
a:\opengl\scratchgame\scratchgame\x64\debug\imgui_impl_glfw.obj
a:\opengl\scratchgame\scratchgame\x64\debug\imgui_draw.obj
a:\opengl\scratchgame\scratchgame\x64\debug\imgui_demo.obj
a:\opengl\scratchgame\scratchgame\x64\debug\imgui.obj
a:\opengl\scratchgame\scratchgame\x64\debug\shader.obj
a:\opengl\scratchgame\scratchgame\x64\debug\scratchgame.obj
a:\opengl\scratchgame\scratchgame\x64\debug\basescene.obj
a:\opengl\scratchgame\scratchgame\x64\debug\indexbuffer.obj
a:\opengl\scratchgame\scratchgame\x64\debug\gamehud.obj
a:\opengl\scratchgame\scratchgame\x64\debug\debugger.obj
a:\opengl\scratchgame\x64\debug\scratchgame.pdb
a:\opengl\scratchgame\scratchgame\x64\debug\scratchgame.tlog\cl.command.1.tlog
a:\opengl\scratchgame\scratchgame\x64\debug\scratchgame.tlog\cl.read.1.tlog
a:\opengl\scratchgame\scratchgame\x64\debug\scratchgame.tlog\cl.write.1.tlog
a:\opengl\scratchgame\scratchgame\x64\debug\scratchgame.tlog\link-cvtres.read.1.tlog
a:\opengl\scratchgame\scratchgame\x64\debug\scratchgame.tlog\link-cvtres.write.1.tlog
a:\opengl\scratchgame\scratchgame\x64\debug\scratchgame.tlog\link-rc.read.1.tlog
a:\opengl\scratchgame\scratchgame\x64\debug\scratchgame.tlog\link-rc.write.1.tlog
a:\opengl\scratchgame\scratchgame\x64\debug\scratchgame.tlog\link.command.1.tlog
a:\opengl\scratchgame\scratchgame\x64\debug\scratchgame.tlog\link.read.1.tlog
a:\opengl\scratchgame\scratchgame\x64\debug\scratchgame.tlog\link.read.2.tlog
a:\opengl\scratchgame\scratchgame\x64\debug\scratchgame.tlog\link.write.1.tlog
